Performing C SOURCE FILE Test CMAKE_HAVE_LIBC_PTHREAD failed with the following output:
Change Dir: /home/dev/moon/target/debug/build/glfw-sys-d8e05581daade47b/out/build/CMakeFiles/CMakeTmp

Run Build Command(s):/usr/bin/make cmTC_7d985/fast && /usr/bin/make  -f CMakeFiles/cmTC_7d985.dir/build.make CMakeFiles/cmTC_7d985.dir/build
make[1]: Entering directory '/home/dev/moon/target/debug/build/glfw-sys-d8e05581daade47b/out/build/CMakeFiles/CMakeTmp'
Building C object CMakeFiles/cmTC_7d985.dir/src.c.o
/usr/bin/cc   -ffunction-sections -fdata-sections -fPIC -m64 -DCMAKE_HAVE_LIBC_PTHREAD   -o CMakeFiles/cmTC_7d985.dir/src.c.o   -c /home/dev/moon/target/debug/build/glfw-sys-d8e05581daade47b/out/build/CMakeFiles/CMakeTmp/src.c
Linking C executable cmTC_7d985
/usr/bin/cmake -E cmake_link_script CMakeFiles/cmTC_7d985.dir/link.txt --verbose=1
/usr/bin/cc  -ffunction-sections -fdata-sections -fPIC -m64 -DCMAKE_HAVE_LIBC_PTHREAD    -rdynamic CMakeFiles/cmTC_7d985.dir/src.c.o  -o cmTC_7d985 
/usr/bin/ld: CMakeFiles/cmTC_7d985.dir/src.c.o: in function `main':
src.c:(.text.main+0x30): undefined reference to `pthread_create'
/usr/bin/ld: src.c:(.text.main+0x3c): undefined reference to `pthread_detach'
/usr/bin/ld: src.c:(.text.main+0x48): undefined reference to `pthread_cancel'
/usr/bin/ld: src.c:(.text.main+0x59): undefined reference to `pthread_join'
collect2: error: ld returned 1 exit status
make[1]: *** [CMakeFiles/cmTC_7d985.dir/build.make:107: cmTC_7d985] Error 1
make[1]: Leaving directory '/home/dev/moon/target/debug/build/glfw-sys-d8e05581daade47b/out/build/CMakeFiles/CMakeTmp'
make: *** [Makefile:141: cmTC_7d985/fast] Error 2


Source file was:
#include <pthread.h>

void* test_func(void* data)
{
  return data;
}

int main(void)
{
  pthread_t thread;
  pthread_create(&thread, NULL, test_func, NULL);
  pthread_detach(thread);
  pthread_cancel(thread);
  pthread_join(thread, NULL);
  pthread_atfork(NULL, NULL, NULL);
  pthread_exit(NULL);

  return 0;
}

Determining if the function pthread_create exists in the pthreads failed with the following output:
Change Dir: /home/dev/moon/target/debug/build/glfw-sys-d8e05581daade47b/out/build/CMakeFiles/CMakeTmp

Run Build Command(s):/usr/bin/make cmTC_8af21/fast && /usr/bin/make  -f CMakeFiles/cmTC_8af21.dir/build.make CMakeFiles/cmTC_8af21.dir/build
make[1]: Entering directory '/home/dev/moon/target/debug/build/glfw-sys-d8e05581daade47b/out/build/CMakeFiles/CMakeTmp'
Building C object CMakeFiles/cmTC_8af21.dir/CheckFunctionExists.c.o
/usr/bin/cc   -ffunction-sections -fdata-sections -fPIC -m64 -DCHECK_FUNCTION_EXISTS=pthread_create   -o CMakeFiles/cmTC_8af21.dir/CheckFunctionExists.c.o   -c /usr/share/cmake-3.17/Modules/CheckFunctionExists.c
Linking C executable cmTC_8af21
/usr/bin/cmake -E cmake_link_script CMakeFiles/cmTC_8af21.dir/link.txt --verbose=1
/usr/bin/cc  -ffunction-sections -fdata-sections -fPIC -m64 -DCHECK_FUNCTION_EXISTS=pthread_create    -rdynamic CMakeFiles/cmTC_8af21.dir/CheckFunctionExists.c.o  -o cmTC_8af21  -lpthreads 
/usr/bin/ld: cannot find -lpthreads
collect2: error: ld returned 1 exit status
make[1]: *** [CMakeFiles/cmTC_8af21.dir/build.make:107: cmTC_8af21] Error 1
make[1]: Leaving directory '/home/dev/moon/target/debug/build/glfw-sys-d8e05581daade47b/out/build/CMakeFiles/CMakeTmp'
make: *** [Makefile:141: cmTC_8af21/fast] Error 2



